<?xml version="1.0" encoding="UTF-8"?>
<testsuite xmlns:xsi="http://www.w3.org/2001/XMLSchema-instance" xsi:noNamespaceSchemaLocation="https://maven.apache.org/surefire/maven-surefire-plugin/xsd/surefire-test-report-3.0.xsd" version="3.0" name="BunTest" time="0.229" tests="45" errors="0" skipped="0" failures="0">
  <properties>
    <property name="sun.desktop" value="windows"/>
    <property name="awt.toolkit" value="sun.awt.windows.WToolkit"/>
    <property name="java.specification.version" value="11"/>
    <property name="sun.cpu.isalist" value="amd64"/>
    <property name="sun.jnu.encoding" value="Cp1251"/>
    <property name="java.class.path" value="F:\autotest\diplom\QA-java-diplom-1\target\test-classes;F:\autotest\diplom\QA-java-diplom-1\target\classes;C:\Users\ПК\.m2\repository\org\mockito\mockito-core\5.2.0\mockito-core-5.2.0.jar;C:\Users\ПК\.m2\repository\net\bytebuddy\byte-buddy-agent\1.14.1\byte-buddy-agent-1.14.1.jar;C:\Users\ПК\.m2\repository\org\objenesis\objenesis\3.3\objenesis-3.3.jar;C:\Users\ПК\.m2\repository\net\bytebuddy\byte-buddy\1.14.12\byte-buddy-1.14.12.jar;C:\Users\ПК\.m2\repository\junit\junit\4.13.2\junit-4.13.2.jar;C:\Users\ПК\.m2\repository\org\hamcrest\hamcrest-core\1.3\hamcrest-core-1.3.jar;"/>
    <property name="java.vm.vendor" value="Amazon.com Inc."/>
    <property name="sun.arch.data.model" value="64"/>
    <property name="user.variant" value=""/>
    <property name="java.vendor.url" value="https://aws.amazon.com/corretto/"/>
    <property name="user.timezone" value="Europe/Moscow"/>
    <property name="java.vm.specification.version" value="11"/>
    <property name="os.name" value="Windows 11"/>
    <property name="sun.java.launcher" value="SUN_STANDARD"/>
    <property name="user.country" value="RU"/>
    <property name="sun.boot.library.path" value="C:\Program Files\Amazon Corretto\jdk11.0.22_7\bin"/>
    <property name="sun.java.command" value="C:\Users\ПК\AppData\Local\Temp\surefire14166614909719309960\surefirebooter-20240228221915700_3.jar C:\Users\ПК\AppData\Local\Temp\surefire14166614909719309960 2024-02-28T22-19-15_204-jvmRun1 surefire-20240228221915700_1tmp surefire_0-20240228221915700_2tmp"/>
    <property name="jdk.debug" value="release"/>
    <property name="surefire.test.class.path" value="F:\autotest\diplom\QA-java-diplom-1\target\test-classes;F:\autotest\diplom\QA-java-diplom-1\target\classes;C:\Users\ПК\.m2\repository\org\mockito\mockito-core\5.2.0\mockito-core-5.2.0.jar;C:\Users\ПК\.m2\repository\net\bytebuddy\byte-buddy-agent\1.14.1\byte-buddy-agent-1.14.1.jar;C:\Users\ПК\.m2\repository\org\objenesis\objenesis\3.3\objenesis-3.3.jar;C:\Users\ПК\.m2\repository\net\bytebuddy\byte-buddy\1.14.12\byte-buddy-1.14.12.jar;C:\Users\ПК\.m2\repository\junit\junit\4.13.2\junit-4.13.2.jar;C:\Users\ПК\.m2\repository\org\hamcrest\hamcrest-core\1.3\hamcrest-core-1.3.jar;"/>
    <property name="sun.cpu.endian" value="little"/>
    <property name="user.home" value="C:\Users\ПК"/>
    <property name="user.language" value="ru"/>
    <property name="java.specification.vendor" value="Oracle Corporation"/>
    <property name="java.version.date" value="2024-01-16"/>
    <property name="java.home" value="C:\Program Files\Amazon Corretto\jdk11.0.22_7"/>
    <property name="file.separator" value="\"/>
    <property name="basedir" value="F:\autotest\diplom\QA-java-diplom-1"/>
    <property name="java.vm.compressedOopsMode" value="Zero based"/>
    <property name="line.separator" value="&#10;"/>
    <property name="java.specification.name" value="Java Platform API Specification"/>
    <property name="java.vm.specification.vendor" value="Oracle Corporation"/>
    <property name="java.awt.graphicsenv" value="sun.awt.Win32GraphicsEnvironment"/>
    <property name="surefire.real.class.path" value="C:\Users\ПК\AppData\Local\Temp\surefire14166614909719309960\surefirebooter-20240228221915700_3.jar"/>
    <property name="user.script" value=""/>
    <property name="sun.management.compiler" value="HotSpot 64-Bit Tiered Compilers"/>
    <property name="java.runtime.version" value="11.0.22+7-LTS"/>
    <property name="user.name" value="ПК"/>
    <property name="path.separator" value=";"/>
    <property name="os.version" value="10.0"/>
    <property name="java.runtime.name" value="OpenJDK Runtime Environment"/>
    <property name="file.encoding" value="Cp1251"/>
    <property name="java.vm.name" value="OpenJDK 64-Bit Server VM"/>
    <property name="java.vendor.version" value="Corretto-11.0.22.7.1"/>
    <property name="localRepository" value="C:\Users\ПК\.m2\repository"/>
    <property name="java.vendor.url.bug" value="https://github.com/corretto/corretto-11/issues/"/>
    <property name="java.io.tmpdir" value="C:\Users\90C5~1\AppData\Local\Temp\"/>
    <property name="java.version" value="11.0.22"/>
    <property name="user.dir" value="F:\autotest\diplom\QA-java-diplom-1"/>
    <property name="os.arch" value="amd64"/>
    <property name="java.vm.specification.name" value="Java Virtual Machine Specification"/>
    <property name="java.awt.printerjob" value="sun.awt.windows.WPrinterJob"/>
    <property name="sun.os.patch.level" value=""/>
    <property name="java.library.path" value="C:\Program Files\Amazon Corretto\jdk11.0.22_7\bin;C:\WINDOWS\Sun\Java\bin;C:\WINDOWS\system32;C:\WINDOWS;C:\Program Files\Common Files\Oracle\Java\javapath;C:\Program Files\Amazon Corretto\jdk11.0.22_7\bin;C:\Program Files (x86)\Common Files\Oracle\Java\javapath;C:\Windows\system32;C:\Windows;C:\Windows\System32\Wbem;C:\Windows\System32\WindowsPowerShell\v1.0\;C:\Windows\System32\OpenSSH\;C:\Program Files (x86)\NVIDIA Corporation\PhysX\Common;C:\Users\ПК\PycharmProjects\test\cromedriver\chromedriver.exe;C:\ProgramData\chocolatey\bin;C:\Program Files\Memurai\;C:\Program Files\Redis\;C:\Program Files\NVIDIA Corporation\NVIDIA NvDLISR;C:\Program Files\Git\cmd;C:\Program Files\Git\mingw64\bin;C:\Program Files\Git\usr\bin;C:\WINDOWS\system32;C:\WINDOWS;C:\WINDOWS\System32\Wbem;C:\WINDOWS\System32\WindowsPowerShell\v1.0\;C:\WINDOWS\System32\OpenSSH\;C:\Program Files\dotnet\;C:\Program Files\Docker\Docker\resources\bin;C:\Windows\system32;C:\Windows;C:\Windows\System32\Wbem;C:\Windows\System32\WindowsPowerShell\v1.0\;C:\Windows\System32\OpenSSH\;C:\Program Files (x86)\NVIDIA Corporation\PhysX\Common;C:\Users\ПК\PycharmProjects\test\cromedriver\chromedriver.exe;C:\ProgramData\chocolatey\bin;C:\Program Files\Memurai\;C:\Program Files\Redis\;C:\Program Files\NVIDIA Corporation\NVIDIA NvDLISR;C:\Program Files\Git\cmd;C:\Program Files\Git\mingw64\bin;C:\Program Files\Git\usr\bin;C:\Program Files\Git\usr\;C:\Users\ПК\AppData\Local\Microsoft\WindowsApps;C:\Program Files\apache-maven-3.9.4\bin;C:\Program Files\allure-2.27.0\bin;C:\Program Files\Amazon Corretto\jdk17;C:\Program Files\Amazon Corretto\jdk11.0.22_7\bin;C:\Program Files\Amazon Corretto\jdk11.0.22_7;;."/>
    <property name="java.vm.info" value="mixed mode"/>
    <property name="java.vendor" value="Amazon.com Inc."/>
    <property name="java.vm.version" value="11.0.22+7-LTS"/>
    <property name="java.specification.maintenance.version" value="2"/>
    <property name="sun.io.unicode.encoding" value="UnicodeLittle"/>
    <property name="java.class.version" value="55.0"/>
  </properties>
  <testcase name="veryLongNameTest[РўРµСЃС‚ РґР°РЅРЅС‹Рµ: РљСЂР°С‚РѕСЂРЅР°СЏ Р±СѓР»РєР° N-200i, 1 255]" classname="BunTest" time="0.018"/>
  <testcase name="getNameParamTest[РўРµСЃС‚ РґР°РЅРЅС‹Рµ: РљСЂР°С‚РѕСЂРЅР°СЏ Р±СѓР»РєР° N-200i, 1 255]" classname="BunTest" time="0.0"/>
  <testcase name="getPriceParamTest[РўРµСЃС‚ РґР°РЅРЅС‹Рµ: РљСЂР°С‚РѕСЂРЅР°СЏ Р±СѓР»РєР° N-200i, 1 255]" classname="BunTest" time="0.0"/>
  <testcase name="veryLongNameTest[РўРµСЃС‚ РґР°РЅРЅС‹Рµ: Р¤Р»СЋРѕСЂРµСЃС†РµРЅС‚РЅР°СЏ Р±СѓР»РєР° R2-D3, 988]" classname="BunTest" time="0.0"/>
  <testcase name="getNameParamTest[РўРµСЃС‚ РґР°РЅРЅС‹Рµ: Р¤Р»СЋРѕСЂРµСЃС†РµРЅС‚РЅР°СЏ Р±СѓР»РєР° R2-D3, 988]" classname="BunTest" time="0.0"/>
  <testcase name="getPriceParamTest[РўРµСЃС‚ РґР°РЅРЅС‹Рµ: Р¤Р»СЋРѕСЂРµСЃС†РµРЅС‚РЅР°СЏ Р±СѓР»РєР° R2-D3, 988]" classname="BunTest" time="0.0"/>
  <testcase name="veryLongNameTest[РўРµСЃС‚ РґР°РЅРЅС‹Рµ: РљСЂР°С‚РѕСЂРЅР°СЏ Р±СѓР»РєР° N-200i, 340 282 346 638 528 860 000 000 000 000 000 000 000]" classname="BunTest" time="0.0"/>
  <testcase name="getNameParamTest[РўРµСЃС‚ РґР°РЅРЅС‹Рµ: РљСЂР°С‚РѕСЂРЅР°СЏ Р±СѓР»РєР° N-200i, 340 282 346 638 528 860 000 000 000 000 000 000 000]" classname="BunTest" time="0.0"/>
  <testcase name="getPriceParamTest[РўРµСЃС‚ РґР°РЅРЅС‹Рµ: РљСЂР°С‚РѕСЂРЅР°СЏ Р±СѓР»РєР° N-200i, 340 282 346 638 528 860 000 000 000 000 000 000 000]" classname="BunTest" time="0.0"/>
  <testcase name="veryLongNameTest[РўРµСЃС‚ РґР°РЅРЅС‹Рµ: РљСЂР°С‚РѕСЂРЅР°СЏ Р±СѓР»РєР° N-200i, 0]" classname="BunTest" time="0.0"/>
  <testcase name="veryLongNameTest[РўРµСЃС‚ РґР°РЅРЅС‹Рµ: РљСЂР°С‚РѕСЂРЅР°СЏ Р±СѓР»РєР° N-200i, 0]" classname="BunTest" time="0.0"/>
  <testcase name="getNameParamTest[РўРµСЃС‚ РґР°РЅРЅС‹Рµ: РљСЂР°С‚РѕСЂРЅР°СЏ Р±СѓР»РєР° N-200i, 0]" classname="BunTest" time="0.0"/>
  <testcase name="getNameParamTest[РўРµСЃС‚ РґР°РЅРЅС‹Рµ: РљСЂР°С‚РѕСЂРЅР°СЏ Р±СѓР»РєР° N-200i, 0]" classname="BunTest" time="0.0"/>
  <testcase name="getPriceParamTest[РўРµСЃС‚ РґР°РЅРЅС‹Рµ: РљСЂР°С‚РѕСЂРЅР°СЏ Р±СѓР»РєР° N-200i, 0]" classname="BunTest" time="0.0"/>
  <testcase name="getPriceParamTest[РўРµСЃС‚ РґР°РЅРЅС‹Рµ: РљСЂР°С‚РѕСЂРЅР°СЏ Р±СѓР»РєР° N-200i, 0]" classname="BunTest" time="0.0"/>
  <testcase name="veryLongNameTest[РўРµСЃС‚ РґР°РЅРЅС‹Рµ: Р¤Р»СЋРѕСЂРµСЃС†РµРЅС‚РЅР°СЏ Р±СѓР»РєР° R2-D3, 340 282 346 638 528 860 000 000 000 000 000 000 000]" classname="BunTest" time="0.0"/>
  <testcase name="getNameParamTest[РўРµСЃС‚ РґР°РЅРЅС‹Рµ: Р¤Р»СЋРѕСЂРµСЃС†РµРЅС‚РЅР°СЏ Р±СѓР»РєР° R2-D3, 340 282 346 638 528 860 000 000 000 000 000 000 000]" classname="BunTest" time="0.0"/>
  <testcase name="getPriceParamTest[РўРµСЃС‚ РґР°РЅРЅС‹Рµ: Р¤Р»СЋРѕСЂРµСЃС†РµРЅС‚РЅР°СЏ Р±СѓР»РєР° R2-D3, 340 282 346 638 528 860 000 000 000 000 000 000 000]" classname="BunTest" time="0.0"/>
  <testcase name="veryLongNameTest[РўРµСЃС‚ РґР°РЅРЅС‹Рµ:   , 988]" classname="BunTest" time="0.001"/>
  <testcase name="getNameParamTest[РўРµСЃС‚ РґР°РЅРЅС‹Рµ:   , 988]" classname="BunTest" time="0.0"/>
  <testcase name="getPriceParamTest[РўРµСЃС‚ РґР°РЅРЅС‹Рµ:   , 988]" classname="BunTest" time="0.0"/>
  <testcase name="veryLongNameTest[РўРµСЃС‚ РґР°РЅРЅС‹Рµ: Р¤Р»СЋРѕСЂРµСЃС†РµРЅС‚РЅР°СЏ Р±СѓР»РєР° R2-D3, -100]" classname="BunTest" time="0.0"/>
  <testcase name="getNameParamTest[РўРµСЃС‚ РґР°РЅРЅС‹Рµ: Р¤Р»СЋРѕСЂРµСЃС†РµРЅС‚РЅР°СЏ Р±СѓР»РєР° R2-D3, -100]" classname="BunTest" time="0.0"/>
  <testcase name="getPriceParamTest[РўРµСЃС‚ РґР°РЅРЅС‹Рµ: Р¤Р»СЋРѕСЂРµСЃС†РµРЅС‚РЅР°СЏ Р±СѓР»РєР° R2-D3, -100]" classname="BunTest" time="0.0"/>
  <testcase name="veryLongNameTest[РўРµСЃС‚ РґР°РЅРЅС‹Рµ: Р¤Р»СЋРѕСЂРµСЃС†РµРЅС‚РЅР°СЏ Р±СѓР»РєР° R2-D3, 0]" classname="BunTest" time="0.0"/>
  <testcase name="getNameParamTest[РўРµСЃС‚ РґР°РЅРЅС‹Рµ: Р¤Р»СЋРѕСЂРµСЃС†РµРЅС‚РЅР°СЏ Р±СѓР»РєР° R2-D3, 0]" classname="BunTest" time="0.0"/>
  <testcase name="getPriceParamTest[РўРµСЃС‚ РґР°РЅРЅС‹Рµ: Р¤Р»СЋРѕСЂРµСЃС†РµРЅС‚РЅР°СЏ Р±СѓР»РєР° R2-D3, 0]" classname="BunTest" time="0.0"/>
  <testcase name="veryLongNameTest[РўРµСЃС‚ РґР°РЅРЅС‹Рµ: Р¤Р»СЋРѕСЂРµСЃС†РµРЅС‚РЅР°СЏ Р±СѓР»РєР° R2-D3, не число]" classname="BunTest" time="0.002"/>
  <testcase name="getNameParamTest[РўРµСЃС‚ РґР°РЅРЅС‹Рµ: Р¤Р»СЋРѕСЂРµСЃС†РµРЅС‚РЅР°СЏ Р±СѓР»РєР° R2-D3, не число]" classname="BunTest" time="0.0"/>
  <testcase name="getPriceParamTest[РўРµСЃС‚ РґР°РЅРЅС‹Рµ: Р¤Р»СЋРѕСЂРµСЃС†РµРЅС‚РЅР°СЏ Р±СѓР»РєР° R2-D3, не число]" classname="BunTest" time="0.0"/>
  <testcase name="veryLongNameTest[РўРµСЃС‚ РґР°РЅРЅС‹Рµ: РљСЂР°С‚РѕСЂРЅР°СЏ Р±СѓР»РєР° N-200iРѕС‡РµРЅСЊ РґР»РёРЅРЅРѕРµ РЅР°Р·РІР°РЅРёРµ Р±СѓР»РєРё РѕС‡РµРЅСЊ РґР»РёРЅРЅРѕРµ РЅР°Р·РІР°РЅРёРµ Р±СѓР»РєРё РѕС‡РµРЅСЊ РґР»РёРЅРЅРѕРµ РЅР°Р·РІР°РЅРёРµ Р±СѓР»РєРё РѕС‡РµРЅСЊ РґР»РёРЅРЅРѕРµ РЅР°Р·РІР°РЅРёРµ Р±СѓР»РєРё РѕС‡РµРЅСЊ РґР»РёРЅРЅРѕРµ РЅР°Р·РІР°РЅРёРµ Р±СѓР»РєРё РѕС‡РµРЅСЊ РґР»РёРЅРЅРѕРµ РЅР°Р·РІР°РЅРёРµ Р±СѓР»РєРё РѕС‡РµРЅСЊ РґР»РёРЅРЅРѕРµ РЅР°Р·РІР°РЅРёРµ Р±СѓР»РєРё РѕС‡РµРЅСЊ РґР»РёРЅРЅРѕРµ РЅР°Р·РІР°РЅРёРµ Р±СѓР»РєРё РѕС‡РµРЅСЊ РґР»РёРЅРЅРѕРµ РЅР°Р·РІР°РЅРёРµ Р±СѓР»РєРё РѕС‡РµРЅСЊ РґР»РёРЅРЅРѕРµ РЅР°Р·РІР°РЅРёРµ Р±СѓР»РєРё РѕС‡РµРЅСЊ РґР»РёРЅРЅРѕРµ РЅР°Р·РІР°РЅРёРµ Р±СѓР»РєРё РѕС‡РµРЅСЊ РґР»РёРЅРЅРѕРµ РЅР°Р·РІР°РЅРёРµ Р±СѓР»РєРё РѕС‡РµРЅСЊ РґР»РёРЅРЅРѕРµ РЅР°Р·РІР°РЅРёРµ Р±СѓР»РєРё РѕС‡РµРЅСЊ РґР»РёРЅРЅРѕРµ РЅР°Р·РІР°РЅРёРµ Р±СѓР»РєРё РѕС‡РµРЅСЊ РґР»РёРЅРЅРѕРµ РЅР°Р·РІР°РЅРёРµ Р±СѓР»РєРё РѕС‡РµРЅСЊ РґР»РёРЅРЅРѕРµ РЅР°Р·РІР°РЅРёРµ Р±СѓР»РєРё РѕС‡РµРЅСЊ РґР»РёРЅРЅРѕРµ РЅР°Р·РІР°РЅРёРµ Р±СѓР»РєРё РѕС‡РµРЅСЊ РґР»РёРЅРЅРѕРµ РЅР°Р·РІР°РЅРёРµ Р±СѓР»РєРё РѕС‡РµРЅСЊ РґР»РёРЅРЅРѕРµ РЅР°Р·РІР°РЅРёРµ Р±СѓР»РєРё РѕС‡РµРЅСЊ РґР»РёРЅРЅРѕРµ РЅР°Р·РІР°РЅРёРµ Р±СѓР»РєРё РѕС‡РµРЅСЊ РґР»РёРЅРЅРѕРµ РЅР°Р·РІР°РЅРёРµ Р±СѓР»РєРё РѕС‡РµРЅСЊ РґР»РёРЅРЅРѕРµ РЅР°Р·РІР°РЅРёРµ Р±СѓР»РєРё РѕС‡РµРЅСЊ РґР»РёРЅРЅРѕРµ РЅР°Р·РІР°РЅРёРµ Р±СѓР»РєРё РѕС‡РµРЅСЊ РґР»РёРЅРЅРѕРµ РЅР°Р·РІР°РЅРёРµ Р±СѓР»РєРё РѕС‡РµРЅСЊ РґР»РёРЅРЅРѕРµ РЅР°Р·РІР°РЅРёРµ Р±СѓР»РєРё РѕС‡РµРЅСЊ РґР»РёРЅРЅРѕРµ РЅР°Р·РІР°РЅРёРµ Р±СѓР»РєРё РѕС‡РµРЅСЊ РґР»РёРЅРЅРѕРµ РЅР°Р·РІР°РЅРёРµ Р±СѓР»РєРё РѕС‡РµРЅСЊ РґР»РёРЅРЅРѕРµ РЅР°Р·РІР°РЅРёРµ Р±СѓР»РєРё РѕС‡РµРЅСЊ РґР»РёРЅРЅРѕРµ РЅР°Р·РІР°РЅРёРµ Р±СѓР»РєРё РѕС‡РµРЅСЊ РґР»РёРЅРЅРѕРµ РЅР°Р·РІР°РЅРёРµ Р±СѓР»РєРё РѕС‡РµРЅСЊ РґР»РёРЅРЅРѕРµ РЅР°Р·РІР°РЅРёРµ Р±СѓР»РєРё РѕС‡РµРЅСЊ РґР»РёРЅРЅРѕРµ РЅР°Р·РІР°РЅРёРµ Р±СѓР»РєРё РѕС‡РµРЅСЊ РґР»РёРЅРЅРѕРµ РЅР°Р·РІР°РЅРёРµ Р±СѓР»РєРё РѕС‡РµРЅСЊ РґР»РёРЅРЅРѕРµ РЅР°Р·РІР°РЅРёРµ Р±СѓР»РєРё РѕС‡РµРЅСЊ РґР»РёРЅРЅРѕРµ РЅР°Р·РІР°РЅРёРµ Р±СѓР»РєРё РѕС‡РµРЅСЊ РґР»РёРЅРЅРѕРµ РЅР°Р·РІР°РЅРёРµ Р±СѓР»РєРё РѕС‡РµРЅСЊ РґР»РёРЅРЅРѕРµ РЅР°Р·РІР°РЅРёРµ Р±СѓР»РєРё РѕС‡РµРЅСЊ РґР»РёРЅРЅРѕРµ РЅР°Р·РІР°РЅРёРµ Р±СѓР»РєРё РѕС‡РµРЅСЊ РґР»РёРЅРЅРѕРµ РЅР°Р·РІР°РЅРёРµ Р±СѓР»РєРё РѕС‡РµРЅСЊ РґР»РёРЅРЅРѕРµ РЅР°Р·РІР°РЅРёРµ Р±СѓР»РєРё РѕС‡РµРЅСЊ РґР»РёРЅРЅРѕРµ РЅР°Р·РІР°РЅРёРµ Р±СѓР»РєРё РѕС‡РµРЅСЊ РґР»РёРЅРЅРѕРµ РЅР°Р·РІР°РЅРёРµ Р±СѓР»РєРё РѕС‡РµРЅСЊ РґР»РёРЅРЅРѕРµ РЅР°Р·РІР°РЅРёРµ Р±СѓР»РєРё РѕС‡РµРЅСЊ РґР»РёРЅРЅРѕРµ РЅР°Р·РІР°РЅРёРµ Р±СѓР»РєРё РѕС‡РµРЅСЊ РґР»РёРЅРЅРѕРµ РЅР°Р·РІР°РЅРёРµ Р±СѓР»РєРё РѕС‡РµРЅСЊ РґР»РёРЅРЅРѕРµ РЅР°Р·РІР°РЅРёРµ Р±СѓР»РєРё РѕС‡РµРЅСЊ РґР»РёРЅРЅРѕРµ РЅР°Р·РІР°РЅРёРµ Р±СѓР»РєРё РѕС‡РµРЅСЊ РґР»РёРЅРЅРѕРµ РЅР°Р·РІР°РЅРёРµ Р±СѓР»РєРё РѕС‡РµРЅСЊ РґР»РёРЅРЅРѕРµ РЅР°Р·РІР°РЅРёРµ Р±СѓР»РєРё РѕС‡РµРЅСЊ РґР»РёРЅРЅРѕРµ РЅР°Р·РІР°РЅРёРµ Р±СѓР»РєРё РѕС‡РµРЅСЊ РґР»РёРЅРЅРѕРµ РЅР°Р·РІР°РЅРёРµ Р±СѓР»РєРё РѕС‡РµРЅСЊ РґР»РёРЅРЅРѕРµ РЅР°Р·РІР°РЅРёРµ Р±СѓР»РєРё РѕС‡РµРЅСЊ РґР»РёРЅРЅРѕРµ РЅР°Р·РІР°РЅРёРµ Р±СѓР»РєРё РѕС‡РµРЅСЊ РґР»РёРЅРЅРѕРµ РЅР°Р·РІР°РЅРёРµ Р±СѓР»РєРё РѕС‡РµРЅСЊ РґР»РёРЅРЅРѕРµ РЅР°Р·РІР°РЅРёРµ Р±СѓР»РєРё РѕС‡РµРЅСЊ РґР»РёРЅРЅРѕРµ РЅР°Р·РІР°РЅРёРµ Р±СѓР»РєРё РѕС‡РµРЅСЊ РґР»РёРЅРЅРѕРµ РЅР°Р·РІР°РЅРёРµ Р±СѓР»РєРё РѕС‡РµРЅСЊ РґР»РёРЅРЅРѕРµ РЅР°Р·РІР°РЅРёРµ Р±СѓР»РєРё РѕС‡РµРЅСЊ РґР»РёРЅРЅРѕРµ РЅР°Р·РІР°РЅРёРµ Р±СѓР»РєРё РѕС‡РµРЅСЊ РґР»РёРЅРЅРѕРµ РЅР°Р·РІР°РЅРёРµ Р±СѓР»РєРё РѕС‡РµРЅСЊ РґР»РёРЅРЅРѕРµ РЅР°Р·РІР°РЅРёРµ Р±СѓР»РєРё РѕС‡РµРЅСЊ РґР»РёРЅРЅРѕРµ РЅР°Р·РІР°РЅРёРµ Р±СѓР»РєРё РѕС‡РµРЅСЊ РґР»РёРЅРЅРѕРµ РЅР°Р·РІР°РЅРёРµ Р±СѓР»РєРё РѕС‡РµРЅСЊ РґР»РёРЅРЅРѕРµ РЅР°Р·РІР°РЅРёРµ Р±СѓР»РєРё РѕС‡РµРЅСЊ РґР»РёРЅРЅРѕРµ РЅР°Р·РІР°РЅРёРµ Р±СѓР»РєРё РѕС‡РµРЅСЊ РґР»РёРЅРЅРѕРµ РЅР°Р·РІР°РЅРёРµ Р±СѓР»РєРё РѕС‡РµРЅСЊ РґР»РёРЅРЅРѕРµ РЅР°Р·РІР°РЅРёРµ Р±СѓР»РєРё РѕС‡РµРЅСЊ РґР»РёРЅРЅРѕРµ РЅР°Р·РІР°РЅРёРµ Р±СѓР»РєРё РѕС‡РµРЅСЊ РґР»РёРЅРЅРѕРµ РЅР°Р·РІР°РЅРёРµ Р±СѓР»РєРё РѕС‡РµРЅСЊ РґР»РёРЅРЅРѕРµ РЅР°Р·РІР°РЅРёРµ Р±СѓР»РєРё РѕС‡РµРЅСЊ РґР»РёРЅРЅРѕРµ РЅР°Р·РІР°РЅРёРµ Р±СѓР»РєРё РѕС‡РµРЅСЊ РґР»РёРЅРЅРѕРµ РЅР°Р·РІР°РЅРёРµ Р±СѓР»РєРё РѕС‡РµРЅСЊ РґР»РёРЅРЅРѕРµ РЅР°Р·РІР°РЅРёРµ Р±СѓР»РєРё РѕС‡РµРЅСЊ РґР»РёРЅРЅРѕРµ РЅР°Р·РІР°РЅРёРµ Р±СѓР»РєРё РѕС‡РµРЅСЊ РґР»РёРЅРЅРѕРµ РЅР°Р·РІР°РЅРёРµ Р±СѓР»РєРё РѕС‡РµРЅСЊ РґР»РёРЅРЅРѕРµ РЅР°Р·РІР°РЅРёРµ Р±СѓР»РєРё РѕС‡РµРЅСЊ РґР»РёРЅРЅРѕРµ РЅР°Р·РІР°РЅРёРµ Р±СѓР»РєРё РѕС‡РµРЅСЊ РґР»РёРЅРЅРѕРµ РЅР°Р·РІР°РЅРёРµ Р±СѓР»РєРё РѕС‡РµРЅСЊ РґР»РёРЅРЅРѕРµ РЅР°Р·РІР°РЅРёРµ Р±СѓР»РєРё РѕС‡РµРЅСЊ РґР»РёРЅРЅРѕРµ РЅР°Р·РІР°РЅРёРµ Р±СѓР»РєРё РѕС‡РµРЅСЊ РґР»РёРЅРЅРѕРµ РЅР°Р·РІР°РЅРёРµ Р±СѓР»РєРё РѕС‡РµРЅСЊ РґР»РёРЅРЅРѕРµ РЅР°Р·РІР°РЅРёРµ Р±СѓР»РєРё РѕС‡РµРЅСЊ РґР»РёРЅРЅРѕРµ РЅР°Р·РІР°РЅРёРµ Р±СѓР»РєРё РѕС‡РµРЅСЊ РґР»РёРЅРЅРѕРµ РЅР°Р·РІР°РЅРёРµ Р±СѓР»РєРё РѕС‡РµРЅСЊ РґР»РёРЅРЅРѕРµ РЅР°Р·РІР°РЅРёРµ Р±СѓР»РєРё РѕС‡РµРЅСЊ РґР»РёРЅРЅРѕРµ РЅР°Р·РІР°РЅРёРµ Р±СѓР»РєРё РѕС‡РµРЅСЊ РґР»РёРЅРЅРѕРµ РЅР°Р·РІР°РЅРёРµ Р±СѓР»РєРё РѕС‡РµРЅСЊ РґР»РёРЅРЅРѕРµ РЅР°Р·РІР°РЅРёРµ Р±СѓР»РєРё РѕС‡РµРЅСЊ РґР»РёРЅРЅРѕРµ РЅР°Р·РІР°РЅРёРµ Р±СѓР»РєРё РѕС‡РµРЅСЊ РґР»РёРЅРЅРѕРµ РЅР°Р·РІР°РЅРёРµ Р±СѓР»РєРё РѕС‡РµРЅСЊ РґР»РёРЅРЅРѕРµ РЅР°Р·РІР°РЅРёРµ Р±СѓР»РєРё РѕС‡РµРЅСЊ РґР»РёРЅРЅРѕРµ РЅР°Р·РІР°РЅРёРµ Р±СѓР»РєРё РѕС‡РµРЅСЊ РґР»РёРЅРЅРѕРµ РЅР°Р·РІР°РЅРёРµ Р±СѓР»РєРё РѕС‡РµРЅСЊ РґР»РёРЅРЅРѕРµ РЅР°Р·РІР°РЅРёРµ Р±СѓР»РєРё РѕС‡РµРЅСЊ РґР»РёРЅРЅРѕРµ РЅР°Р·РІР°РЅРёРµ Р±СѓР»РєРё РѕС‡РµРЅСЊ РґР»РёРЅРЅРѕРµ РЅР°Р·РІР°РЅРёРµ Р±СѓР»РєРё РѕС‡РµРЅСЊ РґР»РёРЅРЅРѕРµ РЅР°Р·РІР°РЅРёРµ Р±СѓР»РєРё РѕС‡РµРЅСЊ РґР»РёРЅРЅРѕРµ РЅР°Р·РІР°РЅРёРµ Р±СѓР»РєРё РѕС‡РµРЅСЊ РґР»РёРЅРЅРѕРµ РЅР°Р·РІР°РЅРёРµ Р±СѓР»РєРё РѕС‡РµРЅСЊ РґР»РёРЅРЅРѕРµ РЅР°Р·РІР°РЅРёРµ Р±СѓР»РєРё , 100]" classname="BunTest" time="0.001"/>
  <testcase name="getNameParamTest[РўРµСЃС‚ РґР°РЅРЅС‹Рµ: РљСЂР°С‚РѕСЂРЅР°СЏ Р±СѓР»РєР° N-200iРѕС‡РµРЅСЊ РґР»РёРЅРЅРѕРµ РЅР°Р·РІР°РЅРёРµ Р±СѓР»РєРё РѕС‡РµРЅСЊ РґР»РёРЅРЅРѕРµ РЅР°Р·РІР°РЅРёРµ Р±СѓР»РєРё РѕС‡РµРЅСЊ РґР»РёРЅРЅРѕРµ РЅР°Р·РІР°РЅРёРµ Р±СѓР»РєРё РѕС‡РµРЅСЊ РґР»РёРЅРЅРѕРµ РЅР°Р·РІР°РЅРёРµ Р±СѓР»РєРё РѕС‡РµРЅСЊ РґР»РёРЅРЅРѕРµ РЅР°Р·РІР°РЅРёРµ Р±СѓР»РєРё РѕС‡РµРЅСЊ РґР»РёРЅРЅРѕРµ РЅР°Р·РІР°РЅРёРµ Р±СѓР»РєРё РѕС‡РµРЅСЊ РґР»РёРЅРЅРѕРµ РЅР°Р·РІР°РЅРёРµ Р±СѓР»РєРё РѕС‡РµРЅСЊ РґР»РёРЅРЅРѕРµ РЅР°Р·РІР°РЅРёРµ Р±СѓР»РєРё РѕС‡РµРЅСЊ РґР»РёРЅРЅРѕРµ РЅР°Р·РІР°РЅРёРµ Р±СѓР»РєРё РѕС‡РµРЅСЊ РґР»РёРЅРЅРѕРµ РЅР°Р·РІР°РЅРёРµ Р±СѓР»РєРё РѕС‡РµРЅСЊ РґР»РёРЅРЅРѕРµ РЅР°Р·РІР°РЅРёРµ Р±СѓР»РєРё РѕС‡РµРЅСЊ РґР»РёРЅРЅРѕРµ РЅР°Р·РІР°РЅРёРµ Р±СѓР»РєРё РѕС‡РµРЅСЊ РґР»РёРЅРЅРѕРµ РЅР°Р·РІР°РЅРёРµ Р±СѓР»РєРё РѕС‡РµРЅСЊ РґР»РёРЅРЅРѕРµ РЅР°Р·РІР°РЅРёРµ Р±СѓР»РєРё РѕС‡РµРЅСЊ РґР»РёРЅРЅРѕРµ РЅР°Р·РІР°РЅРёРµ Р±СѓР»РєРё РѕС‡РµРЅСЊ РґР»РёРЅРЅРѕРµ РЅР°Р·РІР°РЅРёРµ Р±СѓР»РєРё РѕС‡РµРЅСЊ РґР»РёРЅРЅРѕРµ РЅР°Р·РІР°РЅРёРµ Р±СѓР»РєРё РѕС‡РµРЅСЊ РґР»РёРЅРЅРѕРµ РЅР°Р·РІР°РЅРёРµ Р±СѓР»РєРё РѕС‡РµРЅСЊ РґР»РёРЅРЅРѕРµ РЅР°Р·РІР°РЅРёРµ Р±СѓР»РєРё РѕС‡РµРЅСЊ РґР»РёРЅРЅРѕРµ РЅР°Р·РІР°РЅРёРµ Р±СѓР»РєРё РѕС‡РµРЅСЊ РґР»РёРЅРЅРѕРµ РЅР°Р·РІР°РЅРёРµ Р±СѓР»РєРё РѕС‡РµРЅСЊ РґР»РёРЅРЅРѕРµ РЅР°Р·РІР°РЅРёРµ Р±СѓР»РєРё РѕС‡РµРЅСЊ РґР»РёРЅРЅРѕРµ РЅР°Р·РІР°РЅРёРµ Р±СѓР»РєРё РѕС‡РµРЅСЊ РґР»РёРЅРЅРѕРµ РЅР°Р·РІР°РЅРёРµ Р±СѓР»РєРё РѕС‡РµРЅСЊ РґР»РёРЅРЅРѕРµ РЅР°Р·РІР°РЅРёРµ Р±СѓР»РєРё РѕС‡РµРЅСЊ РґР»РёРЅРЅРѕРµ РЅР°Р·РІР°РЅРёРµ Р±СѓР»РєРё РѕС‡РµРЅСЊ РґР»РёРЅРЅРѕРµ РЅР°Р·РІР°РЅРёРµ Р±СѓР»РєРё РѕС‡РµРЅСЊ РґР»РёРЅРЅРѕРµ РЅР°Р·РІР°РЅРёРµ Р±СѓР»РєРё РѕС‡РµРЅСЊ РґР»РёРЅРЅРѕРµ РЅР°Р·РІР°РЅРёРµ Р±СѓР»РєРё РѕС‡РµРЅСЊ РґР»РёРЅРЅРѕРµ РЅР°Р·РІР°РЅРёРµ Р±СѓР»РєРё РѕС‡РµРЅСЊ РґР»РёРЅРЅРѕРµ РЅР°Р·РІР°РЅРёРµ Р±СѓР»РєРё РѕС‡РµРЅСЊ РґР»РёРЅРЅРѕРµ РЅР°Р·РІР°РЅРёРµ Р±СѓР»РєРё РѕС‡РµРЅСЊ РґР»РёРЅРЅРѕРµ РЅР°Р·РІР°РЅРёРµ Р±СѓР»РєРё РѕС‡РµРЅСЊ РґР»РёРЅРЅРѕРµ РЅР°Р·РІР°РЅРёРµ Р±СѓР»РєРё РѕС‡РµРЅСЊ РґР»РёРЅРЅРѕРµ РЅР°Р·РІР°РЅРёРµ Р±СѓР»РєРё РѕС‡РµРЅСЊ РґР»РёРЅРЅРѕРµ РЅР°Р·РІР°РЅРёРµ Р±СѓР»РєРё РѕС‡РµРЅСЊ РґР»РёРЅРЅРѕРµ РЅР°Р·РІР°РЅРёРµ Р±СѓР»РєРё РѕС‡РµРЅСЊ РґР»РёРЅРЅРѕРµ РЅР°Р·РІР°РЅРёРµ Р±СѓР»РєРё РѕС‡РµРЅСЊ РґР»РёРЅРЅРѕРµ РЅР°Р·РІР°РЅРёРµ Р±СѓР»РєРё РѕС‡РµРЅСЊ РґР»РёРЅРЅРѕРµ РЅР°Р·РІР°РЅРёРµ Р±СѓР»РєРё РѕС‡РµРЅСЊ РґР»РёРЅРЅРѕРµ РЅР°Р·РІР°РЅРёРµ Р±СѓР»РєРё РѕС‡РµРЅСЊ РґР»РёРЅРЅРѕРµ РЅР°Р·РІР°РЅРёРµ Р±СѓР»РєРё РѕС‡РµРЅСЊ РґР»РёРЅРЅРѕРµ РЅР°Р·РІР°РЅРёРµ Р±СѓР»РєРё РѕС‡РµРЅСЊ РґР»РёРЅРЅРѕРµ РЅР°Р·РІР°РЅРёРµ Р±СѓР»РєРё РѕС‡РµРЅСЊ РґР»РёРЅРЅРѕРµ РЅР°Р·РІР°РЅРёРµ Р±СѓР»РєРё РѕС‡РµРЅСЊ РґР»РёРЅРЅРѕРµ РЅР°Р·РІР°РЅРёРµ Р±СѓР»РєРё РѕС‡РµРЅСЊ РґР»РёРЅРЅРѕРµ РЅР°Р·РІР°РЅРёРµ Р±СѓР»РєРё РѕС‡РµРЅСЊ РґР»РёРЅРЅРѕРµ РЅР°Р·РІР°РЅРёРµ Р±СѓР»РєРё РѕС‡РµРЅСЊ РґР»РёРЅРЅРѕРµ РЅР°Р·РІР°РЅРёРµ Р±СѓР»РєРё РѕС‡РµРЅСЊ РґР»РёРЅРЅРѕРµ РЅР°Р·РІР°РЅРёРµ Р±СѓР»РєРё РѕС‡РµРЅСЊ РґР»РёРЅРЅРѕРµ РЅР°Р·РІР°РЅРёРµ Р±СѓР»РєРё РѕС‡РµРЅСЊ РґР»РёРЅРЅРѕРµ РЅР°Р·РІР°РЅРёРµ Р±СѓР»РєРё РѕС‡РµРЅСЊ РґР»РёРЅРЅРѕРµ РЅР°Р·РІР°РЅРёРµ Р±СѓР»РєРё РѕС‡РµРЅСЊ РґР»РёРЅРЅРѕРµ РЅР°Р·РІР°РЅРёРµ Р±СѓР»РєРё РѕС‡РµРЅСЊ РґР»РёРЅРЅРѕРµ РЅР°Р·РІР°РЅРёРµ Р±СѓР»РєРё РѕС‡РµРЅСЊ РґР»РёРЅРЅРѕРµ РЅР°Р·РІР°РЅРёРµ Р±СѓР»РєРё РѕС‡РµРЅСЊ РґР»РёРЅРЅРѕРµ РЅР°Р·РІР°РЅРёРµ Р±СѓР»РєРё РѕС‡РµРЅСЊ РґР»РёРЅРЅРѕРµ РЅР°Р·РІР°РЅРёРµ Р±СѓР»РєРё РѕС‡РµРЅСЊ РґР»РёРЅРЅРѕРµ РЅР°Р·РІР°РЅРёРµ Р±СѓР»РєРё РѕС‡РµРЅСЊ РґР»РёРЅРЅРѕРµ РЅР°Р·РІР°РЅРёРµ Р±СѓР»РєРё РѕС‡РµРЅСЊ РґР»РёРЅРЅРѕРµ РЅР°Р·РІР°РЅРёРµ Р±СѓР»РєРё РѕС‡РµРЅСЊ РґР»РёРЅРЅРѕРµ РЅР°Р·РІР°РЅРёРµ Р±СѓР»РєРё РѕС‡РµРЅСЊ РґР»РёРЅРЅРѕРµ РЅР°Р·РІР°РЅРёРµ Р±СѓР»РєРё РѕС‡РµРЅСЊ РґР»РёРЅРЅРѕРµ РЅР°Р·РІР°РЅРёРµ Р±СѓР»РєРё РѕС‡РµРЅСЊ РґР»РёРЅРЅРѕРµ РЅР°Р·РІР°РЅРёРµ Р±СѓР»РєРё РѕС‡РµРЅСЊ РґР»РёРЅРЅРѕРµ РЅР°Р·РІР°РЅРёРµ Р±СѓР»РєРё РѕС‡РµРЅСЊ РґР»РёРЅРЅРѕРµ РЅР°Р·РІР°РЅРёРµ Р±СѓР»РєРё РѕС‡РµРЅСЊ РґР»РёРЅРЅРѕРµ РЅР°Р·РІР°РЅРёРµ Р±СѓР»РєРё РѕС‡РµРЅСЊ РґР»РёРЅРЅРѕРµ РЅР°Р·РІР°РЅРёРµ Р±СѓР»РєРё РѕС‡РµРЅСЊ РґР»РёРЅРЅРѕРµ РЅР°Р·РІР°РЅРёРµ Р±СѓР»РєРё РѕС‡РµРЅСЊ РґР»РёРЅРЅРѕРµ РЅР°Р·РІР°РЅРёРµ Р±СѓР»РєРё РѕС‡РµРЅСЊ РґР»РёРЅРЅРѕРµ РЅР°Р·РІР°РЅРёРµ Р±СѓР»РєРё РѕС‡РµРЅСЊ РґР»РёРЅРЅРѕРµ РЅР°Р·РІР°РЅРёРµ Р±СѓР»РєРё РѕС‡РµРЅСЊ РґР»РёРЅРЅРѕРµ РЅР°Р·РІР°РЅРёРµ Р±СѓР»РєРё РѕС‡РµРЅСЊ РґР»РёРЅРЅРѕРµ РЅР°Р·РІР°РЅРёРµ Р±СѓР»РєРё РѕС‡РµРЅСЊ РґР»РёРЅРЅРѕРµ РЅР°Р·РІР°РЅРёРµ Р±СѓР»РєРё РѕС‡РµРЅСЊ РґР»РёРЅРЅРѕРµ РЅР°Р·РІР°РЅРёРµ Р±СѓР»РєРё РѕС‡РµРЅСЊ РґР»РёРЅРЅРѕРµ РЅР°Р·РІР°РЅРёРµ Р±СѓР»РєРё РѕС‡РµРЅСЊ РґР»РёРЅРЅРѕРµ РЅР°Р·РІР°РЅРёРµ Р±СѓР»РєРё РѕС‡РµРЅСЊ РґР»РёРЅРЅРѕРµ РЅР°Р·РІР°РЅРёРµ Р±СѓР»РєРё РѕС‡РµРЅСЊ РґР»РёРЅРЅРѕРµ РЅР°Р·РІР°РЅРёРµ Р±СѓР»РєРё РѕС‡РµРЅСЊ РґР»РёРЅРЅРѕРµ РЅР°Р·РІР°РЅРёРµ Р±СѓР»РєРё РѕС‡РµРЅСЊ РґР»РёРЅРЅРѕРµ РЅР°Р·РІР°РЅРёРµ Р±СѓР»РєРё РѕС‡РµРЅСЊ РґР»РёРЅРЅРѕРµ РЅР°Р·РІР°РЅРёРµ Р±СѓР»РєРё РѕС‡РµРЅСЊ РґР»РёРЅРЅРѕРµ РЅР°Р·РІР°РЅРёРµ Р±СѓР»РєРё РѕС‡РµРЅСЊ РґР»РёРЅРЅРѕРµ РЅР°Р·РІР°РЅРёРµ Р±СѓР»РєРё РѕС‡РµРЅСЊ РґР»РёРЅРЅРѕРµ РЅР°Р·РІР°РЅРёРµ Р±СѓР»РєРё РѕС‡РµРЅСЊ РґР»РёРЅРЅРѕРµ РЅР°Р·РІР°РЅРёРµ Р±СѓР»РєРё РѕС‡РµРЅСЊ РґР»РёРЅРЅРѕРµ РЅР°Р·РІР°РЅРёРµ Р±СѓР»РєРё РѕС‡РµРЅСЊ РґР»РёРЅРЅРѕРµ РЅР°Р·РІР°РЅРёРµ Р±СѓР»РєРё РѕС‡РµРЅСЊ РґР»РёРЅРЅРѕРµ РЅР°Р·РІР°РЅРёРµ Р±СѓР»РєРё РѕС‡РµРЅСЊ РґР»РёРЅРЅРѕРµ РЅР°Р·РІР°РЅРёРµ Р±СѓР»РєРё РѕС‡РµРЅСЊ РґР»РёРЅРЅРѕРµ РЅР°Р·РІР°РЅРёРµ Р±СѓР»РєРё РѕС‡РµРЅСЊ РґР»РёРЅРЅРѕРµ РЅР°Р·РІР°РЅРёРµ Р±СѓР»РєРё РѕС‡РµРЅСЊ РґР»РёРЅРЅРѕРµ РЅР°Р·РІР°РЅРёРµ Р±СѓР»РєРё РѕС‡РµРЅСЊ РґР»РёРЅРЅРѕРµ РЅР°Р·РІР°РЅРёРµ Р±СѓР»РєРё РѕС‡РµРЅСЊ РґР»РёРЅРЅРѕРµ РЅР°Р·РІР°РЅРёРµ Р±СѓР»РєРё РѕС‡РµРЅСЊ РґР»РёРЅРЅРѕРµ РЅР°Р·РІР°РЅРёРµ Р±СѓР»РєРё РѕС‡РµРЅСЊ РґР»РёРЅРЅРѕРµ РЅР°Р·РІР°РЅРёРµ Р±СѓР»РєРё РѕС‡РµРЅСЊ РґР»РёРЅРЅРѕРµ РЅР°Р·РІР°РЅРёРµ Р±СѓР»РєРё , 100]" classname="BunTest" time="0.001"/>
  <testcase name="getPriceParamTest[РўРµСЃС‚ РґР°РЅРЅС‹Рµ: РљСЂР°С‚РѕСЂРЅР°СЏ Р±СѓР»РєР° N-200iРѕС‡РµРЅСЊ РґР»РёРЅРЅРѕРµ РЅР°Р·РІР°РЅРёРµ Р±СѓР»РєРё РѕС‡РµРЅСЊ РґР»РёРЅРЅРѕРµ РЅР°Р·РІР°РЅРёРµ Р±СѓР»РєРё РѕС‡РµРЅСЊ РґР»РёРЅРЅРѕРµ РЅР°Р·РІР°РЅРёРµ Р±СѓР»РєРё РѕС‡РµРЅСЊ РґР»РёРЅРЅРѕРµ РЅР°Р·РІР°РЅРёРµ Р±СѓР»РєРё РѕС‡РµРЅСЊ РґР»РёРЅРЅРѕРµ РЅР°Р·РІР°РЅРёРµ Р±СѓР»РєРё РѕС‡РµРЅСЊ РґР»РёРЅРЅРѕРµ РЅР°Р·РІР°РЅРёРµ Р±СѓР»РєРё РѕС‡РµРЅСЊ РґР»РёРЅРЅРѕРµ РЅР°Р·РІР°РЅРёРµ Р±СѓР»РєРё РѕС‡РµРЅСЊ РґР»РёРЅРЅРѕРµ РЅР°Р·РІР°РЅРёРµ Р±СѓР»РєРё РѕС‡РµРЅСЊ РґР»РёРЅРЅРѕРµ РЅР°Р·РІР°РЅРёРµ Р±СѓР»РєРё РѕС‡РµРЅСЊ РґР»РёРЅРЅРѕРµ РЅР°Р·РІР°РЅРёРµ Р±СѓР»РєРё РѕС‡РµРЅСЊ РґР»РёРЅРЅРѕРµ РЅР°Р·РІР°РЅРёРµ Р±СѓР»РєРё РѕС‡РµРЅСЊ РґР»РёРЅРЅРѕРµ РЅР°Р·РІР°РЅРёРµ Р±СѓР»РєРё РѕС‡РµРЅСЊ РґР»РёРЅРЅРѕРµ РЅР°Р·РІР°РЅРёРµ Р±СѓР»РєРё РѕС‡РµРЅСЊ РґР»РёРЅРЅРѕРµ РЅР°Р·РІР°РЅРёРµ Р±СѓР»РєРё РѕС‡РµРЅСЊ РґР»РёРЅРЅРѕРµ РЅР°Р·РІР°РЅРёРµ Р±СѓР»РєРё РѕС‡РµРЅСЊ РґР»РёРЅРЅРѕРµ РЅР°Р·РІР°РЅРёРµ Р±СѓР»РєРё РѕС‡РµРЅСЊ РґР»РёРЅРЅРѕРµ РЅР°Р·РІР°РЅРёРµ Р±СѓР»РєРё РѕС‡РµРЅСЊ РґР»РёРЅРЅРѕРµ РЅР°Р·РІР°РЅРёРµ Р±СѓР»РєРё РѕС‡РµРЅСЊ РґР»РёРЅРЅРѕРµ РЅР°Р·РІР°РЅРёРµ Р±СѓР»РєРё РѕС‡РµРЅСЊ РґР»РёРЅРЅРѕРµ РЅР°Р·РІР°РЅРёРµ Р±СѓР»РєРё РѕС‡РµРЅСЊ РґР»РёРЅРЅРѕРµ РЅР°Р·РІР°РЅРёРµ Р±СѓР»РєРё РѕС‡РµРЅСЊ РґР»РёРЅРЅРѕРµ РЅР°Р·РІР°РЅРёРµ Р±СѓР»РєРё РѕС‡РµРЅСЊ РґР»РёРЅРЅРѕРµ РЅР°Р·РІР°РЅРёРµ Р±СѓР»РєРё РѕС‡РµРЅСЊ РґР»РёРЅРЅРѕРµ РЅР°Р·РІР°РЅРёРµ Р±СѓР»РєРё РѕС‡РµРЅСЊ РґР»РёРЅРЅРѕРµ РЅР°Р·РІР°РЅРёРµ Р±СѓР»РєРё РѕС‡РµРЅСЊ РґР»РёРЅРЅРѕРµ РЅР°Р·РІР°РЅРёРµ Р±СѓР»РєРё РѕС‡РµРЅСЊ РґР»РёРЅРЅРѕРµ РЅР°Р·РІР°РЅРёРµ Р±СѓР»РєРё РѕС‡РµРЅСЊ РґР»РёРЅРЅРѕРµ РЅР°Р·РІР°РЅРёРµ Р±СѓР»РєРё РѕС‡РµРЅСЊ РґР»РёРЅРЅРѕРµ РЅР°Р·РІР°РЅРёРµ Р±СѓР»РєРё РѕС‡РµРЅСЊ РґР»РёРЅРЅРѕРµ РЅР°Р·РІР°РЅРёРµ Р±СѓР»РєРё РѕС‡РµРЅСЊ РґР»РёРЅРЅРѕРµ РЅР°Р·РІР°РЅРёРµ Р±СѓР»РєРё РѕС‡РµРЅСЊ РґР»РёРЅРЅРѕРµ РЅР°Р·РІР°РЅРёРµ Р±СѓР»РєРё РѕС‡РµРЅСЊ РґР»РёРЅРЅРѕРµ РЅР°Р·РІР°РЅРёРµ Р±СѓР»РєРё РѕС‡РµРЅСЊ РґР»РёРЅРЅРѕРµ РЅР°Р·РІР°РЅРёРµ Р±СѓР»РєРё РѕС‡РµРЅСЊ РґР»РёРЅРЅРѕРµ РЅР°Р·РІР°РЅРёРµ Р±СѓР»РєРё РѕС‡РµРЅСЊ РґР»РёРЅРЅРѕРµ РЅР°Р·РІР°РЅРёРµ Р±СѓР»РєРё РѕС‡РµРЅСЊ РґР»РёРЅРЅРѕРµ РЅР°Р·РІР°РЅРёРµ Р±СѓР»РєРё РѕС‡РµРЅСЊ РґР»РёРЅРЅРѕРµ РЅР°Р·РІР°РЅРёРµ Р±СѓР»РєРё РѕС‡РµРЅСЊ РґР»РёРЅРЅРѕРµ РЅР°Р·РІР°РЅРёРµ Р±СѓР»РєРё РѕС‡РµРЅСЊ РґР»РёРЅРЅРѕРµ РЅР°Р·РІР°РЅРёРµ Р±СѓР»РєРё РѕС‡РµРЅСЊ РґР»РёРЅРЅРѕРµ РЅР°Р·РІР°РЅРёРµ Р±СѓР»РєРё РѕС‡РµРЅСЊ РґР»РёРЅРЅРѕРµ РЅР°Р·РІР°РЅРёРµ Р±СѓР»РєРё РѕС‡РµРЅСЊ РґР»РёРЅРЅРѕРµ РЅР°Р·РІР°РЅРёРµ Р±СѓР»РєРё РѕС‡РµРЅСЊ РґР»РёРЅРЅРѕРµ РЅР°Р·РІР°РЅРёРµ Р±СѓР»РєРё РѕС‡РµРЅСЊ РґР»РёРЅРЅРѕРµ РЅР°Р·РІР°РЅРёРµ Р±СѓР»РєРё РѕС‡РµРЅСЊ РґР»РёРЅРЅРѕРµ РЅР°Р·РІР°РЅРёРµ Р±СѓР»РєРё РѕС‡РµРЅСЊ РґР»РёРЅРЅРѕРµ РЅР°Р·РІР°РЅРёРµ Р±СѓР»РєРё РѕС‡РµРЅСЊ РґР»РёРЅРЅРѕРµ РЅР°Р·РІР°РЅРёРµ Р±СѓР»РєРё РѕС‡РµРЅСЊ РґР»РёРЅРЅРѕРµ РЅР°Р·РІР°РЅРёРµ Р±СѓР»РєРё РѕС‡РµРЅСЊ РґР»РёРЅРЅРѕРµ РЅР°Р·РІР°РЅРёРµ Р±СѓР»РєРё РѕС‡РµРЅСЊ РґР»РёРЅРЅРѕРµ РЅР°Р·РІР°РЅРёРµ Р±СѓР»РєРё РѕС‡РµРЅСЊ РґР»РёРЅРЅРѕРµ РЅР°Р·РІР°РЅРёРµ Р±СѓР»РєРё РѕС‡РµРЅСЊ РґР»РёРЅРЅРѕРµ РЅР°Р·РІР°РЅРёРµ Р±СѓР»РєРё РѕС‡РµРЅСЊ РґР»РёРЅРЅРѕРµ РЅР°Р·РІР°РЅРёРµ Р±СѓР»РєРё РѕС‡РµРЅСЊ РґР»РёРЅРЅРѕРµ РЅР°Р·РІР°РЅРёРµ Р±СѓР»РєРё РѕС‡РµРЅСЊ РґР»РёРЅРЅРѕРµ РЅР°Р·РІР°РЅРёРµ Р±СѓР»РєРё РѕС‡РµРЅСЊ РґР»РёРЅРЅРѕРµ РЅР°Р·РІР°РЅРёРµ Р±СѓР»РєРё РѕС‡РµРЅСЊ РґР»РёРЅРЅРѕРµ РЅР°Р·РІР°РЅРёРµ Р±СѓР»РєРё РѕС‡РµРЅСЊ РґР»РёРЅРЅРѕРµ РЅР°Р·РІР°РЅРёРµ Р±СѓР»РєРё РѕС‡РµРЅСЊ РґР»РёРЅРЅРѕРµ РЅР°Р·РІР°РЅРёРµ Р±СѓР»РєРё РѕС‡РµРЅСЊ РґР»РёРЅРЅРѕРµ РЅР°Р·РІР°РЅРёРµ Р±СѓР»РєРё РѕС‡РµРЅСЊ РґР»РёРЅРЅРѕРµ РЅР°Р·РІР°РЅРёРµ Р±СѓР»РєРё РѕС‡РµРЅСЊ РґР»РёРЅРЅРѕРµ РЅР°Р·РІР°РЅРёРµ Р±СѓР»РєРё РѕС‡РµРЅСЊ РґР»РёРЅРЅРѕРµ РЅР°Р·РІР°РЅРёРµ Р±СѓР»РєРё РѕС‡РµРЅСЊ РґР»РёРЅРЅРѕРµ РЅР°Р·РІР°РЅРёРµ Р±СѓР»РєРё РѕС‡РµРЅСЊ РґР»РёРЅРЅРѕРµ РЅР°Р·РІР°РЅРёРµ Р±СѓР»РєРё РѕС‡РµРЅСЊ РґР»РёРЅРЅРѕРµ РЅР°Р·РІР°РЅРёРµ Р±СѓР»РєРё РѕС‡РµРЅСЊ РґР»РёРЅРЅРѕРµ РЅР°Р·РІР°РЅРёРµ Р±СѓР»РєРё РѕС‡РµРЅСЊ РґР»РёРЅРЅРѕРµ РЅР°Р·РІР°РЅРёРµ Р±СѓР»РєРё РѕС‡РµРЅСЊ РґР»РёРЅРЅРѕРµ РЅР°Р·РІР°РЅРёРµ Р±СѓР»РєРё РѕС‡РµРЅСЊ РґР»РёРЅРЅРѕРµ РЅР°Р·РІР°РЅРёРµ Р±СѓР»РєРё РѕС‡РµРЅСЊ РґР»РёРЅРЅРѕРµ РЅР°Р·РІР°РЅРёРµ Р±СѓР»РєРё РѕС‡РµРЅСЊ РґР»РёРЅРЅРѕРµ РЅР°Р·РІР°РЅРёРµ Р±СѓР»РєРё РѕС‡РµРЅСЊ РґР»РёРЅРЅРѕРµ РЅР°Р·РІР°РЅРёРµ Р±СѓР»РєРё РѕС‡РµРЅСЊ РґР»РёРЅРЅРѕРµ РЅР°Р·РІР°РЅРёРµ Р±СѓР»РєРё РѕС‡РµРЅСЊ РґР»РёРЅРЅРѕРµ РЅР°Р·РІР°РЅРёРµ Р±СѓР»РєРё РѕС‡РµРЅСЊ РґР»РёРЅРЅРѕРµ РЅР°Р·РІР°РЅРёРµ Р±СѓР»РєРё РѕС‡РµРЅСЊ РґР»РёРЅРЅРѕРµ РЅР°Р·РІР°РЅРёРµ Р±СѓР»РєРё РѕС‡РµРЅСЊ РґР»РёРЅРЅРѕРµ РЅР°Р·РІР°РЅРёРµ Р±СѓР»РєРё РѕС‡РµРЅСЊ РґР»РёРЅРЅРѕРµ РЅР°Р·РІР°РЅРёРµ Р±СѓР»РєРё РѕС‡РµРЅСЊ РґР»РёРЅРЅРѕРµ РЅР°Р·РІР°РЅРёРµ Р±СѓР»РєРё РѕС‡РµРЅСЊ РґР»РёРЅРЅРѕРµ РЅР°Р·РІР°РЅРёРµ Р±СѓР»РєРё РѕС‡РµРЅСЊ РґР»РёРЅРЅРѕРµ РЅР°Р·РІР°РЅРёРµ Р±СѓР»РєРё РѕС‡РµРЅСЊ РґР»РёРЅРЅРѕРµ РЅР°Р·РІР°РЅРёРµ Р±СѓР»РєРё РѕС‡РµРЅСЊ РґР»РёРЅРЅРѕРµ РЅР°Р·РІР°РЅРёРµ Р±СѓР»РєРё РѕС‡РµРЅСЊ РґР»РёРЅРЅРѕРµ РЅР°Р·РІР°РЅРёРµ Р±СѓР»РєРё РѕС‡РµРЅСЊ РґР»РёРЅРЅРѕРµ РЅР°Р·РІР°РЅРёРµ Р±СѓР»РєРё РѕС‡РµРЅСЊ РґР»РёРЅРЅРѕРµ РЅР°Р·РІР°РЅРёРµ Р±СѓР»РєРё РѕС‡РµРЅСЊ РґР»РёРЅРЅРѕРµ РЅР°Р·РІР°РЅРёРµ Р±СѓР»РєРё РѕС‡РµРЅСЊ РґР»РёРЅРЅРѕРµ РЅР°Р·РІР°РЅРёРµ Р±СѓР»РєРё РѕС‡РµРЅСЊ РґР»РёРЅРЅРѕРµ РЅР°Р·РІР°РЅРёРµ Р±СѓР»РєРё РѕС‡РµРЅСЊ РґР»РёРЅРЅРѕРµ РЅР°Р·РІР°РЅРёРµ Р±СѓР»РєРё РѕС‡РµРЅСЊ РґР»РёРЅРЅРѕРµ РЅР°Р·РІР°РЅРёРµ Р±СѓР»РєРё РѕС‡РµРЅСЊ РґР»РёРЅРЅРѕРµ РЅР°Р·РІР°РЅРёРµ Р±СѓР»РєРё РѕС‡РµРЅСЊ РґР»РёРЅРЅРѕРµ РЅР°Р·РІР°РЅРёРµ Р±СѓР»РєРё РѕС‡РµРЅСЊ РґР»РёРЅРЅРѕРµ РЅР°Р·РІР°РЅРёРµ Р±СѓР»РєРё РѕС‡РµРЅСЊ РґР»РёРЅРЅРѕРµ РЅР°Р·РІР°РЅРёРµ Р±СѓР»РєРё РѕС‡РµРЅСЊ РґР»РёРЅРЅРѕРµ РЅР°Р·РІР°РЅРёРµ Р±СѓР»РєРё РѕС‡РµРЅСЊ РґР»РёРЅРЅРѕРµ РЅР°Р·РІР°РЅРёРµ Р±СѓР»РєРё РѕС‡РµРЅСЊ РґР»РёРЅРЅРѕРµ РЅР°Р·РІР°РЅРёРµ Р±СѓР»РєРё , 100]" classname="BunTest" time="0.002"/>
  <testcase name="veryLongNameTest[РўРµСЃС‚ РґР°РЅРЅС‹Рµ: ?:в„–!, 0]" classname="BunTest" time="0.0"/>
  <testcase name="getNameParamTest[РўРµСЃС‚ РґР°РЅРЅС‹Рµ: ?:в„–!, 0]" classname="BunTest" time="0.0"/>
  <testcase name="getPriceParamTest[РўРµСЃС‚ РґР°РЅРЅС‹Рµ: ?:в„–!, 0]" classname="BunTest" time="0.0"/>
  <testcase name="veryLongNameTest[РўРµСЃС‚ РґР°РЅРЅС‹Рµ: null, 988]" classname="BunTest" time="0.001"/>
  <testcase name="getNameParamTest[РўРµСЃС‚ РґР°РЅРЅС‹Рµ: null, 988]" classname="BunTest" time="0.0"/>
  <testcase name="getPriceParamTest[РўРµСЃС‚ РґР°РЅРЅС‹Рµ: null, 988]" classname="BunTest" time="0.0"/>
  <testcase name="veryLongNameTest[РўРµСЃС‚ РґР°РЅРЅС‹Рµ: Р¤Р»СЋРѕСЂРµСЃС†РµРЅС‚РЅР°СЏ Р±СѓР»РєР° R2-D3 СЃ РѕС‡РµРЅСЊ-РѕС‡РµРЅСЊ РґР»РёРЅРЅС‹Рј РЅР°Р·РІР°РЅРёРµРј, РєРѕС‚РѕСЂРѕРµ РїСЂРµРІС‹С€Р°РµС‚ РЅРѕСЂРјР°Р»СЊРЅСѓСЋ РґР»РёРЅСѓ РґР»СЏ С‚РµСЃС‚РёСЂРѕРІР°РЅРёСЏ, 500]" classname="BunTest" time="0.001"/>
  <testcase name="getNameParamTest[РўРµСЃС‚ РґР°РЅРЅС‹Рµ: Р¤Р»СЋРѕСЂРµСЃС†РµРЅС‚РЅР°СЏ Р±СѓР»РєР° R2-D3 СЃ РѕС‡РµРЅСЊ-РѕС‡РµРЅСЊ РґР»РёРЅРЅС‹Рј РЅР°Р·РІР°РЅРёРµРј, РєРѕС‚РѕСЂРѕРµ РїСЂРµРІС‹С€Р°РµС‚ РЅРѕСЂРјР°Р»СЊРЅСѓСЋ РґР»РёРЅСѓ РґР»СЏ С‚РµСЃС‚РёСЂРѕРІР°РЅРёСЏ, 500]" classname="BunTest" time="0.0"/>
  <testcase name="getPriceParamTest[РўРµСЃС‚ РґР°РЅРЅС‹Рµ: Р¤Р»СЋРѕСЂРµСЃС†РµРЅС‚РЅР°СЏ Р±СѓР»РєР° R2-D3 СЃ РѕС‡РµРЅСЊ-РѕС‡РµРЅСЊ РґР»РёРЅРЅС‹Рј РЅР°Р·РІР°РЅРёРµРј, РєРѕС‚РѕСЂРѕРµ РїСЂРµРІС‹С€Р°РµС‚ РЅРѕСЂРјР°Р»СЊРЅСѓСЋ РґР»РёРЅСѓ РґР»СЏ С‚РµСЃС‚РёСЂРѕРІР°РЅРёСЏ, 500]" classname="BunTest" time="0.001"/>
  <testcase name="veryLongNameTest[РўРµСЃС‚ РґР°РЅРЅС‹Рµ: , 250]" classname="BunTest" time="0.0"/>
  <testcase name="getNameParamTest[РўРµСЃС‚ РґР°РЅРЅС‹Рµ: , 250]" classname="BunTest" time="0.0"/>
  <testcase name="getPriceParamTest[РўРµСЃС‚ РґР°РЅРЅС‹Рµ: , 250]" classname="BunTest" time="0.0"/>
</testsuite>